build/app/outputs/mapping/release/usage.txt
com.example.covid_19.BuildConfig
com.example.covid_19.R$dimen
com.example.covid_19.R$color
com.example.covid_19.R$drawable
com.example.covid_19.R$integer
com.example.covid_19.R$styleable
com.example.covid_19.R$attr
com.example.covid_19.R$mipmap
com.example.covid_19.R
com.example.covid_19.R$string
com.example.covid_19.R$layout
com.example.covid_19.R$id
com.example.covid_19.R$style
...
kotlin.sequences.MergingSequence
kotlin.internal.ContractsDsl
androidx.core.view.accessibility.AccessibilityViewCommand$MoveAtGranularityArguments
androidx.core.view.inputmethod.InputConnectionCompat$OnCommitContentListener
androidx.loader.R$string
kotlin.sequences.TakeSequence$iterator$1
androidx.customview.view.AbsSavedState
kotlin.io.FilesKt__FileTreeWalkKt
kotlin.sequences.DropSequence$iterator$1
androidx.core.os.LocaleListCompat
androidx.lifecycle.ClassesInfoCache$MethodReference
io.flutter.embedding.android.FlutterActivity:
    public static android.content.Intent createDefaultIntent(android.content.Context)
    public static io.flutter.embedding.android.FlutterActivity$NewEngineIntentBuilder withNewEngine()
    public static io.flutter.embedding.android.FlutterActivity$CachedEngineIntentBuilder withCachedEngine(java.lang.String)
    private static void registerPlugins(io.flutter.embedding.engine.FlutterEngine)
    void setDelegate(io.flutter.embedding.android.FlutterActivityAndFragmentDelegate)
    protected io.flutter.embedding.engine.FlutterEngine getFlutterEngine()
    public void configureFlutterEngine(io.flutter.embedding.engine.FlutterEngine)
    private static final java.lang.String TAG
androidx.core.os.LocaleListPlatformWrapper
androidx.core.view.ViewCompat$UnhandledKeyEventManager
kotlin.io.FileTreeWalk$DirectoryState
kotlin.contracts.ReturnsNotNull
androidx.core.internal.view.SupportMenuItem
androidx.core.provider.FontsContractCompat$4$9
androidx.annotation.AnyRes
kotlin.coroutines.experimental.intrinsics.IntrinsicsKt__IntrinsicsKt
kotlin.coroutines.intrinsics.IntrinsicsKt__IntrinsicsJvmKt$createCoroutineUnintercepted$$inlined$createCoroutineFromSuspendFunction$IntrinsicsKt__IntrinsicsJvmKt$4
kotlin.text.StringsKt__StringsKt$rangesDelimitedBy$4
kotlin.text.ScreenFloatValueRegEx
androidx.customview.R$layout
kotlin.jvm.internal.Ref$ByteRef
android.support.v4.app.INotificationSideChannel$Stub
androidx.core.app.JobIntentService$JobServiceEngineImpl
kotlin.coroutines.CombinedContext$Serialized$Companion
androidx.core.app.BundleCompat
kotlin.text.StringsKt__StringBuilderKt
kotlin.coroutines.RestrictsSuspension
kotlin.coroutines.experimental.intrinsics.IntrinsicsKt__IntrinsicsJvmKt$createCoroutineUnchecked$$inlined$buildContinuationByInvokeCall$IntrinsicsKt__IntrinsicsJvmKt$2
androidx.loader.content.CursorLoader
androidx.core.app.NavUtils
androidx.core.graphics.ColorUtils
androidx.fragment.app.FragmentManager$BackStackEntry
androidx.core.view.DragStartHelper
io.flutter.view.FlutterView$1
androidx.core.content.res.ResourcesCompat